<?xml version="1.0" encoding="UTF-8"?>
<!-- Generated by org.testng.reporters.JUnitReportReporter -->
<testsuite skipped="0" hostname="DESKTOP-MFE7DE6" name="page.UpdateSearchResult" tests="1" failures="0" timestamp="2021-02-21T20:37:24 IST" time="11.483" errors="0">
  <testcase name="updateLocation" time="11.483" classname="page.UpdateSearchResult"/>
  <system-out/>
</testsuite> <!-- page.UpdateSearchResult -->
