<?xml version="1.0" encoding="UTF-8"?>
<!-- Generated by org.testng.reporters.JUnitReportReporter -->
<testsuite skipped="0" hostname="DESKTOP-MFE7DE6" name="page.HotelSearch" tests="3" failures="0" timestamp="2021-02-21T23:24:19 IST" time="39.922" errors="0">
  <testcase name="checkinDateSetUp" time="14.300" classname="page.HotelSearch"/>
  <system-out/>
  <testcase name="destinationSetup" time="6.342" classname="page.HotelSearch"/>
  <system-out/>
  <testcase name="hotelSearchResult" time="19.280" classname="page.HotelSearch"/>
  <system-out/>
</testsuite> <!-- page.HotelSearch -->
