<?xml version="1.0" encoding="UTF-8"?>
<!-- Generated by org.testng.reporters.JUnitReportReporter -->
<testsuite skipped="0" hostname="DESKTOP-MFE7DE6" name="pageUtils.BaseUtil" tests="1" failures="0" timestamp="2021-02-20T12:21:24 IST" time="23.298" errors="0">
  <testcase name="initilizeDriver" time="23.298" classname="pageUtils.BaseUtil"/>
  <system-out/>
</testsuite> <!-- pageUtils.BaseUtil -->
