<?xml version="1.0" encoding="UTF-8"?>
<!-- Generated by org.testng.reporters.JUnitReportReporter -->
<testsuite skipped="0" hostname="DESKTOP-MFE7DE6" name="page.UpdateHotelSearchResult" tests="3" failures="0" timestamp="2021-02-21T23:24:19 IST" time="9.272" errors="0">
  <testcase name="validateUpdatedSearchResult" time="0.209" classname="page.UpdateHotelSearchResult"/>
  <system-out/>
  <testcase name="validateSearchResult" time="0.194" classname="page.UpdateHotelSearchResult"/>
  <system-out/>
  <testcase name="updateLocation" time="8.869" classname="page.UpdateHotelSearchResult"/>
  <system-out/>
</testsuite> <!-- page.UpdateHotelSearchResult -->
