<?xml version="1.0" encoding="UTF-8"?>
<!-- Generated by org.testng.reporters.JUnitReportReporter -->
<testsuite skipped="0" hostname="DESKTOP-MFE7DE6" name="page.HomePage" tests="3" failures="0" timestamp="2021-02-21T20:37:23 IST" time="43.189" errors="0">
  <testcase name="hotelSearchResult" time="17.108" classname="page.HomePage"/>
  <system-out/>
  <testcase name="destinationSetup" time="7.061" classname="page.HomePage"/>
  <system-out/>
  <testcase name="checkinDateSetUp" time="19.020" classname="page.HomePage"/>
  <system-out/>
</testsuite> <!-- page.HomePage -->
